Build started 2013-04-15 10:13:11 PM.
     1>Project "C:\Users\user-zaki\documents\visual studio 2012\Projects\project4\project4\project4.vcxproj" on node 2 (Build target(s)).
     1>ClCompile:
         C:\Program Files (x86)\Microsoft Visual Studio 11.0\VC\bin\CL.exe /c /ZI /nologo /W3 /WX- /Od /Oy- /D WIN32 /D _DEBUG /D _CONSOLE /D _UNICODE /D UNICODE /Gm /EHsc /RTC1 /MDd /GS /fp:precise /Zc:wchar_t /Zc:forScope /Fo"Debug\\" /Fd"Debug\vc110.pdb" /Gd /TP /analyze- /errorReport:prompt Population.cpp
         Population.cpp
     1>c:\users\user-zaki\documents\visual studio 2012\projects\project4\project4\population.cpp(141): warning C4018: '<' : signed/unsigned mismatch
     1>c:\users\user-zaki\documents\visual studio 2012\projects\project4\project4\population.cpp(148): warning C4018: '<' : signed/unsigned mismatch
     1>c:\users\user-zaki\documents\visual studio 2012\projects\project4\project4\population.cpp(156): warning C4018: '<' : signed/unsigned mismatch
     1>c:\users\user-zaki\documents\visual studio 2012\projects\project4\project4\population.cpp(195): warning C4018: '<' : signed/unsigned mismatch
     1>c:\users\user-zaki\documents\visual studio 2012\projects\project4\project4\population.cpp(244): warning C4018: '<' : signed/unsigned mismatch
     1>c:\users\user-zaki\documents\visual studio 2012\projects\project4\project4\population.cpp(252): warning C4018: '<' : signed/unsigned mismatch
     1>c:\users\user-zaki\documents\visual studio 2012\projects\project4\project4\population.cpp(272): warning C4018: '<' : signed/unsigned mismatch
     1>c:\users\user-zaki\documents\visual studio 2012\projects\project4\project4\population.cpp(285): warning C4018: '<' : signed/unsigned mismatch
     1>c:\users\user-zaki\documents\visual studio 2012\projects\project4\project4\population.cpp(306): warning C4018: '<' : signed/unsigned mismatch
     1>c:\users\user-zaki\documents\visual studio 2012\projects\project4\project4\population.cpp(386): warning C4244: '=' : conversion from 'double' to 'int', possible loss of data
     1>c:\users\user-zaki\documents\visual studio 2012\projects\project4\project4\population.cpp(410): warning C4018: '<' : signed/unsigned mismatch
     1>c:\users\user-zaki\documents\visual studio 2012\projects\project4\project4\population.cpp(417): warning C4018: '<' : signed/unsigned mismatch
     1>c:\users\user-zaki\documents\visual studio 2012\projects\project4\project4\population.cpp(425): warning C4018: '<' : signed/unsigned mismatch
     1>c:\users\user-zaki\documents\visual studio 2012\projects\project4\project4\population.cpp(474): warning C4018: '<' : signed/unsigned mismatch
     1>c:\users\user-zaki\documents\visual studio 2012\projects\project4\project4\population.cpp(523): warning C4018: '<' : signed/unsigned mismatch
     1>c:\users\user-zaki\documents\visual studio 2012\projects\project4\project4\population.cpp(531): warning C4018: '<' : signed/unsigned mismatch
     1>c:\users\user-zaki\documents\visual studio 2012\projects\project4\project4\population.cpp(551): warning C4018: '<' : signed/unsigned mismatch
     1>c:\users\user-zaki\documents\visual studio 2012\projects\project4\project4\population.cpp(564): warning C4018: '<' : signed/unsigned mismatch
     1>c:\users\user-zaki\documents\visual studio 2012\projects\project4\project4\population.cpp(586): warning C4018: '<' : signed/unsigned mismatch
     1>c:\users\user-zaki\documents\visual studio 2012\projects\project4\project4\population.cpp(643): warning C4018: '<' : signed/unsigned mismatch
     1>c:\users\user-zaki\documents\visual studio 2012\projects\project4\project4\population.cpp(649): warning C4018: '<' : signed/unsigned mismatch
     1>c:\users\user-zaki\documents\visual studio 2012\projects\project4\project4\population.cpp(685): warning C4018: '<' : signed/unsigned mismatch
     1>c:\users\user-zaki\documents\visual studio 2012\projects\project4\project4\population.cpp(776): warning C4018: '<' : signed/unsigned mismatch
     1>c:\users\user-zaki\documents\visual studio 2012\projects\project4\project4\population.cpp(784): warning C4018: '<' : signed/unsigned mismatch
     1>c:\users\user-zaki\documents\visual studio 2012\projects\project4\project4\population.cpp(804): warning C4018: '<' : signed/unsigned mismatch
     1>c:\users\user-zaki\documents\visual studio 2012\projects\project4\project4\population.cpp(817): warning C4018: '<' : signed/unsigned mismatch
     1>c:\users\user-zaki\documents\visual studio 2012\projects\project4\project4\population.cpp(839): warning C4018: '<' : signed/unsigned mismatch
       Link:
         C:\Program Files (x86)\Microsoft Visual Studio 11.0\VC\bin\link.exe /ERRORREPORT:PROMPT /OUT:"C:\Users\user-zaki\documents\visual studio 2012\Projects\project4\Debug\project4.exe" /INCREMENTAL /NOLOGO kernel32.lib user32.lib gdi32.lib winspool.lib comdlg32.lib advapi32.lib shell32.lib ole32.lib oleaut32.lib uuid.lib odbc32.lib odbccp32.lib /MANIFEST /MANIFESTUAC:"level='asInvoker' uiAccess='false'" /manifest:embed /DEBUG /PDB:"C:\Users\user-zaki\documents\visual studio 2012\Projects\project4\Debug\project4.pdb" /SUBSYSTEM:CONSOLE /TLBID:1 /DYNAMICBASE /NXCOMPAT /IMPLIB:"C:\Users\user-zaki\documents\visual studio 2012\Projects\project4\Debug\project4.lib" /MACHINE:X86 Debug\bool_ind.obj
         Debug\Evolution.obj
         Debug\Individual.obj
         Debug\int_ind.obj
         Debug\Real_Ind.obj
         Debug\Main.obj
         Debug\Population.obj
         project4.vcxproj -> C:\Users\user-zaki\documents\visual studio 2012\Projects\project4\Debug\project4.exe
     1>Done Building Project "C:\Users\user-zaki\documents\visual studio 2012\Projects\project4\project4\project4.vcxproj" (Build target(s)).

Build succeeded.

Time Elapsed 00:00:01.88
